<?xml version="1.0" encoding="UTF-8"?>
<!-- Generated by org.testng.reporters.JUnitReportReporter -->
<testsuite hostname="marjanas-Air" failures="0" tests="7" name="pages.HomePageTest" time="14.634" errors="0" timestamp="2022-10-02T22:37:08 EDT" skipped="6">
  <testcase classname="pages.HomePageTest" name="showMenu" time="14.634"/>
  <system-out/>
  <testcase classname="pages.HomePageTest" name="location">
    <skipped/>
  </testcase> <!-- location -->
  <system-out/>
  <testcase classname="pages.HomePageTest" name="clickLogo">
    <skipped/>
  </testcase> <!-- clickLogo -->
  <system-out/>
  <testcase classname="pages.HomePageTest" name="doctorName">
    <skipped/>
  </testcase> <!-- doctorName -->
  <system-out/>
  <testcase classname="pages.HomePageTest" name="search">
    <skipped/>
  </testcase> <!-- search -->
  <system-out/>
  <testcase classname="pages.HomePageTest" name="logoDisplayed02">
    <skipped/>
  </testcase> <!-- logoDisplayed02 -->
  <system-out/>
  <testcase classname="pages.HomePageTest" name="searchTool02">
    <skipped/>
  </testcase> <!-- searchTool02 -->
  <system-out/>
</testsuite> <!-- pages.HomePageTest -->
